<?xml version="1.0" encoding="UTF-8"?>
<testng-results skipped="0" failed="0" ignored="0" total="2" passed="2">
  <reporter-output>
  </reporter-output>
  <suite name="Default suite" duration-ms="7597" started-at="2017-10-25T06:09:21Z" finished-at="2017-10-25T06:09:29Z">
    <groups>
    </groups>
    <test name="Default test" duration-ms="7597" started-at="2017-10-25T06:09:21Z" finished-at="2017-10-25T06:09:29Z">
      <class name="Test.testGiaoDien">
        <test-method status="PASS" signature="moTrangChu()[pri:0, instance:Test.testGiaoDien@3e6fa38a]" name="moTrangChu" duration-ms="4101" started-at="2017-10-25T13:09:21Z" finished-at="2017-10-25T13:09:25Z">
          <reporter-output>
          </reporter-output>
        </test-method> <!-- moTrangChu -->
        <test-method status="PASS" signature="moTrangDangNhap()[pri:0, instance:Test.testGiaoDien@3e6fa38a]" name="moTrangDangNhap" duration-ms="3478" started-at="2017-10-25T13:09:25Z" finished-at="2017-10-25T13:09:29Z">
          <reporter-output>
          </reporter-output>
        </test-method> <!-- moTrangDangNhap -->
      </class> <!-- Test.testGiaoDien -->
    </test> <!-- Default test -->
  </suite> <!-- Default suite -->
</testng-results>
